<?xml version="1.0" encoding="UTF-8"?>
<!-- Generated by org.testng.reporters.JUnitReportReporter -->
<testsuite hostname="LAPTOP-VTO18SLS" failures="0" tests="1" name="com.inetbanking.testcases.logouttest" time="2.699" errors="0" timestamp="2024-02-25T13:19:59 IST" skipped="0">
  <testcase classname="com.inetbanking.testcases.logouttest" name="logouttc" time="2.699"/>
  <system-out/>
</testsuite> <!-- com.inetbanking.testcases.logouttest -->
