<?xml version="1.0" encoding="UTF-8"?>
<!-- Generated by org.testng.reporters.JUnitReportReporter -->
<testsuite hostname="LAPTOP-VTO18SLS" failures="0" tests="1" name="com.inetbanking.utilities.extentreportclass" time="0.174" errors="0" timestamp="2024-01-25T14:28:12 IST" skipped="0">
  <testcase classname="com.inetbanking.utilities.extentreportclass" name="extentreport" time="0.174"/>
  <system-out/>
</testsuite> <!-- com.inetbanking.utilities.extentreportclass -->
