<?xml version="1.0" encoding="UTF-8"?>
<!-- Generated by org.testng.reporters.JUnitReportReporter -->
<testsuite hostname="LAPTOP-VTO18SLS" failures="0" tests="2" name="com.inetbanking.testcases.logintest1" time="4.454" errors="0" timestamp="2024-02-12T14:05:52 IST" skipped="0">
  <testcase classname="com.inetbanking.testcases.logintest1" name="logintc" time="2.100"/>
  <system-out/>
  <testcase classname="com.inetbanking.testcases.logintest1" name="logouttc" time="2.354"/>
  <system-out/>
</testsuite> <!-- com.inetbanking.testcases.logintest1 -->
