<?xml version="1.0" encoding="UTF-8"?>
<!-- Generated by org.testng.reporters.JUnitReportReporter -->
<testsuite hostname="LAPTOP-VTO18SLS" failures="0" tests="1" name="com.inetbanking.utilities.listenerReport" time="0.507" errors="0" timestamp="2024-01-11T21:11:48 IST" skipped="0">
  <testcase classname="com.inetbanking.utilities.listenerReport" name="onTestsucess" time="0.507"/>
  <system-out/>
</testsuite> <!-- com.inetbanking.utilities.listenerReport -->
