<?xml version="1.0" encoding="UTF-8"?>
<!-- Generated by org.testng.reporters.JUnitReportReporter -->
<testsuite hostname="LAPTOP-VTO18SLS" failures="0" tests="1" name="com.inetbanking.pageobjects.baseclass" time="5.916" errors="0" timestamp="2024-01-03T16:40:32 IST" skipped="0">
  <testcase classname="com.inetbanking.pageobjects.baseclass" name="setup" time="5.916"/>
  <system-out/>
</testsuite> <!-- com.inetbanking.pageobjects.baseclass -->
