<?xml version="1.0" encoding="UTF-8"?>
<!-- Generated by org.testng.reporters.JUnitReportReporter -->
<testsuite hostname="LAPTOP-VTO18SLS" failures="0" tests="1" name="com.inetbanking.testcases.logintest1" time="2.816" errors="0" timestamp="2024-02-25T13:19:59 IST" skipped="0">
  <testcase classname="com.inetbanking.testcases.logintest1" name="logintc" time="2.816"/>
  <system-out/>
</testsuite> <!-- com.inetbanking.testcases.logintest1 -->
