<?xml version="1.0" encoding="UTF-8"?>
<!-- Generated by org.testng.reporters.JUnitReportReporter -->
<testsuite hostname="LAPTOP-VTO18SLS" failures="0" tests="1" name="com.inetbanking.testcases.logintest" time="11.052" errors="0" timestamp="2024-01-04T16:03:09 IST" skipped="0">
  <testcase classname="com.inetbanking.testcases.logintest" name="logintc" time="11.052"/>
  <system-out/>
</testsuite> <!-- com.inetbanking.testcases.logintest -->
