<?xml version="1.0" encoding="UTF-8"?>
<!-- Generated by org.testng.reporters.JUnitReportReporter -->
<testsuite hostname="LAPTOP-VTO18SLS" failures="0" tests="4" name="com.inetbanking.testcases.newcustomer" time="9.050" errors="0" timestamp="2024-02-25T13:33:32 IST" skipped="0">
  <testcase classname="com.inetbanking.testcases.newcustomer" name="login" time="2.035"/>
  <system-out/>
  <testcase classname="com.inetbanking.testcases.newcustomer" name="clickcust" time="1.155"/>
  <system-out/>
  <testcase classname="com.inetbanking.testcases.newcustomer" name="logout" time="3.280"/>
  <system-out/>
  <testcase classname="com.inetbanking.testcases.newcustomer" name="entercustdetails" time="2.580"/>
  <system-out/>
</testsuite> <!-- com.inetbanking.testcases.newcustomer -->
